2013-01-25 08:11:52,952 - Populando la tabla visited..
2013-01-25 08:11:52,955 - Creando .txt a partir de la consulta a visited..
2013-01-25 08:11:53,011 - Operación finalizada OK
2013-01-25 08:11:53,014 - Volcando txt sobre tabla visited2013..
2013-01-25 08:11:53,060 - Operación finalizada OK
2013-01-25 08:11:53,064 - Tabla visited2013 populada OK
2013-01-25 08:11:53,065 - Populando la tabla saved2013..
2013-01-25 08:11:53,065 - Creando .txt a partir de la consulta a saved..
2013-01-25 08:11:53,121 - Operación finalizada OK
2013-01-25 08:11:53,125 - Tabla saved2013 populada OK
2013-01-25 08:11:53,126 - Populando la tabla actions2013..
2013-01-25 08:11:53,126 - Creando .txt a partir de la consulta a actions..
2013-01-25 08:11:53,178 - Operación finalizada OK
2013-01-25 08:11:53,182 - Volcando txt sobre tabla actions2013..
2013-01-25 08:11:53,218 - Operación finalizada OK
2013-01-25 08:11:53,221 - Tabla actions2013 populada OK
2013-01-25 19:40:10,069 - ********* COMENZANDO EJECUCIÓN ********* 
2013-01-25 19:41:26,264 - ********* COMENZANDO EJECUCIÓN ********* 
2013-01-25 19:41:26,273 - ---- Procesando día: 20130115 ----
2013-01-25 19:42:36,939 - ********* COMENZANDO EJECUCIÓN ********* 
2013-01-25 19:42:36,949 - ---- Procesando día: 20130115 ----
2013-01-25 19:42:37,027 - Ejecutando wikisquilter sobre: log-20130115.gz
2013-01-25 19:43:07,041 - log-20130115.gz procesado OK
2013-01-25 19:43:07,062 - Populando la tabla visited..
2013-01-25 19:43:07,072 - Creando .txt a partir de la consulta a visited..
2013-01-25 19:43:07,464 - Operación finalizada OK
2013-01-25 19:43:07,474 - Tabla visited2013 no creada. Creando..
2013-01-25 19:43:07,613 - Operación finalizada OK
2013-01-25 19:43:07,614 - Cambiando año a visited para 2013 en config.cfg..
2013-01-25 19:43:07,629 - Operación finalizada OK
2013-01-25 19:43:07,630 - Volcando txt sobre tabla visited2013..
2013-01-25 19:43:07,682 - Operación finalizada OK
2013-01-25 19:43:07,683 - Tabla visited2013 populada OK
2013-01-25 19:43:07,687 - Populando la tabla saved2013..
2013-01-25 19:43:07,690 - Creando .txt a partir de la consulta a saved..
2013-01-25 19:43:07,735 - Operación finalizada OK
2013-01-25 19:43:07,743 - Tabla saved2013 no creada. Creando..
2013-01-25 19:43:07,856 - Operación finalizada OK
2013-01-25 19:43:07,858 - Cambiando año a saved para 2013 en config.cfg..
2013-01-25 19:43:07,867 - Operación finalizada OK
2013-01-25 19:43:07,869 - Volcando txt sobre tabla saved2013..
2013-01-25 19:43:07,906 - Operación finalizada OK
2013-01-25 19:43:07,908 - Tabla saved2013 populada OK
2013-01-25 19:43:07,912 - Populando la tabla actions2013..
2013-01-25 19:43:07,914 - Creando .txt a partir de la consulta a actions..
2013-01-25 19:43:07,968 - Operación finalizada OK
2013-01-25 19:43:07,976 - Tabla actions2013 no creada. Creando..
2013-01-25 19:43:08,060 - Operación finalizada OK
2013-01-25 19:43:08,062 - Cambiando año a actions para 2013 en config.cfg..
2013-01-25 19:43:08,066 - Operación finalizada OK
2013-01-25 19:43:08,068 - Volcando txt sobre tabla actions2013..
2013-01-25 19:43:08,108 - Operación finalizada OK
2013-01-25 19:43:08,113 - Tabla actions2013 populada OK
2013-01-25 19:43:08,251 - ---- Procesando día: 20130116 ----
2013-01-25 19:43:08,303 - Ejecutando wikisquilter sobre: log-20130116.gz
2013-01-25 19:43:49,198 - log-20130116.gz procesado OK
2013-01-25 19:43:49,214 - Populando la tabla visited2013..
2013-01-25 19:43:49,224 - Creando .txt a partir de la consulta a visited..
2013-01-25 19:43:49,333 - Operación finalizada OK
2013-01-25 19:43:49,344 - Volcando txt sobre tabla visited2013..
2013-01-25 19:43:49,390 - Operación finalizada OK
2013-01-25 19:43:49,392 - Tabla visited2013 populada OK
2013-01-25 19:43:49,392 - Populando la tabla saved2013..
2013-01-25 19:43:49,394 - Creando .txt a partir de la consulta a saved..
2013-01-25 19:43:49,426 - Operación finalizada OK
2013-01-25 19:43:49,431 - Volcando txt sobre tabla saved2013..
2013-01-25 19:43:49,452 - Operación finalizada OK
2013-01-25 19:43:49,455 - Tabla saved2013 populada OK
2013-01-25 19:43:49,455 - Populando la tabla actions2013..
2013-01-25 19:43:49,456 - Creando .txt a partir de la consulta a actions..
2013-01-25 19:43:49,531 - Operación finalizada OK
2013-01-25 19:43:49,538 - Volcando txt sobre tabla actions2013..
2013-01-25 19:43:49,599 - Operación finalizada OK
2013-01-25 19:43:49,600 - Tabla actions2013 populada OK
2013-01-25 19:43:49,668 - ---- Procesando día: 20130117 ----
2013-01-25 19:43:49,714 - Ejecutando wikisquilter sobre: log-20130117.gz
2013-01-25 19:44:26,918 - log-20130117.gz procesado OK
2013-01-25 19:44:26,930 - Populando la tabla visited2013..
2013-01-25 19:44:26,936 - Creando .txt a partir de la consulta a visited..
2013-01-25 19:44:27,106 - Operación finalizada OK
2013-01-25 19:44:27,118 - Volcando txt sobre tabla visited2013..
2013-01-25 19:44:27,198 - Operación finalizada OK
2013-01-25 19:44:27,199 - Tabla visited2013 populada OK
2013-01-25 19:44:27,199 - Populando la tabla saved2013..
2013-01-25 19:44:27,200 - Creando .txt a partir de la consulta a saved..
2013-01-25 19:44:27,277 - Operación finalizada OK
2013-01-25 19:44:27,279 - Volcando txt sobre tabla saved2013..
2013-01-25 19:44:27,372 - Operación finalizada OK
2013-01-25 19:44:27,375 - Tabla saved2013 populada OK
2013-01-25 19:44:27,382 - Populando la tabla actions2013..
2013-01-25 19:44:27,390 - Creando .txt a partir de la consulta a actions..
2013-01-25 19:44:27,471 - Operación finalizada OK
2013-01-25 19:44:27,480 - Volcando txt sobre tabla actions2013..
2013-01-25 19:44:27,588 - Operación finalizada OK
2013-01-25 19:44:27,597 - Tabla actions2013 populada OK
2013-01-25 19:44:27,761 - ---- Procesando día: 20130118 ----
2013-01-25 19:44:27,837 - Ejecutando wikisquilter sobre: log-20130118.gz
2013-01-25 19:45:00,970 - log-20130118.gz procesado OK
2013-01-25 19:45:00,984 - Populando la tabla visited2013..
2013-01-25 19:45:00,990 - Creando .txt a partir de la consulta a visited..
2013-01-25 19:45:01,047 - Operación finalizada OK
2013-01-25 19:45:01,052 - Volcando txt sobre tabla visited2013..
2013-01-25 19:45:01,073 - Operación finalizada OK
2013-01-25 19:45:01,075 - Tabla visited2013 populada OK
2013-01-25 19:45:01,075 - Populando la tabla saved2013..
2013-01-25 19:45:01,081 - Creando .txt a partir de la consulta a saved..
2013-01-25 19:45:01,118 - Operación finalizada OK
2013-01-25 19:45:01,123 - Volcando txt sobre tabla saved2013..
2013-01-25 19:45:01,142 - Operación finalizada OK
2013-01-25 19:45:01,143 - Tabla saved2013 populada OK
2013-01-25 19:45:01,144 - Populando la tabla actions2013..
2013-01-25 19:45:01,153 - Creando .txt a partir de la consulta a actions..
2013-01-25 19:45:01,198 - Operación finalizada OK
2013-01-25 19:45:01,215 - Volcando txt sobre tabla actions2013..
2013-01-25 19:45:01,240 - Operación finalizada OK
2013-01-25 19:45:01,241 - Tabla actions2013 populada OK
2013-01-25 19:45:01,293 - ---- Procesando día: 20130119 ----
2013-01-25 19:45:01,351 - Ejecutando wikisquilter sobre: log-20130119.gz
2013-01-25 19:45:33,402 - log-20130119.gz procesado OK
2013-01-25 19:45:33,424 - Populando la tabla visited2013..
2013-01-25 19:45:33,442 - Creando .txt a partir de la consulta a visited..
2013-01-25 19:45:33,577 - Operación finalizada OK
2013-01-25 19:45:33,582 - Volcando txt sobre tabla visited2013..
2013-01-25 19:45:33,648 - Operación finalizada OK
2013-01-25 19:45:33,649 - Tabla visited2013 populada OK
2013-01-25 19:45:33,649 - Populando la tabla saved2013..
2013-01-25 19:45:33,649 - Creando .txt a partir de la consulta a saved..
2013-01-25 19:45:33,717 - Operación finalizada OK
2013-01-25 19:45:33,719 - Volcando txt sobre tabla saved2013..
2013-01-25 19:45:33,806 - Operación finalizada OK
2013-01-25 19:45:33,807 - Tabla saved2013 populada OK
2013-01-25 19:45:33,807 - Populando la tabla actions2013..
2013-01-25 19:45:33,808 - Creando .txt a partir de la consulta a actions..
2013-01-25 19:45:33,896 - Operación finalizada OK
2013-01-25 19:45:33,898 - Volcando txt sobre tabla actions2013..
2013-01-25 19:45:33,991 - Operación finalizada OK
2013-01-25 19:45:33,998 - Tabla actions2013 populada OK
2013-01-25 19:45:34,152 - ---- Procesando día: 20130120 ----
2013-01-25 19:45:34,213 - Ejecutando wikisquilter sobre: log-20130120.gz
2013-01-25 19:46:05,601 - log-20130120.gz procesado OK
2013-01-25 19:46:05,608 - Populando la tabla visited2013..
2013-01-25 19:46:05,621 - Creando .txt a partir de la consulta a visited..
2013-01-25 19:46:05,690 - Operación finalizada OK
2013-01-25 19:46:05,705 - Volcando txt sobre tabla visited2013..
2013-01-25 19:46:05,736 - Operación finalizada OK
2013-01-25 19:46:05,738 - Tabla visited2013 populada OK
2013-01-25 19:46:05,739 - Populando la tabla saved2013..
2013-01-25 19:46:05,745 - Creando .txt a partir de la consulta a saved..
2013-01-25 19:46:05,773 - Operación finalizada OK
2013-01-25 19:46:05,777 - Volcando txt sobre tabla saved2013..
2013-01-25 19:46:05,797 - Operación finalizada OK
2013-01-25 19:46:05,798 - Tabla saved2013 populada OK
2013-01-25 19:46:05,799 - Populando la tabla actions2013..
2013-01-25 19:46:05,807 - Creando .txt a partir de la consulta a actions..
2013-01-25 19:46:05,838 - Operación finalizada OK
2013-01-25 19:46:05,843 - Volcando txt sobre tabla actions2013..
2013-01-25 19:46:05,886 - Operación finalizada OK
2013-01-25 19:46:05,887 - Tabla actions2013 populada OK
2013-01-25 19:46:05,976 - ---- Procesando día: 20130121 ----
2013-01-25 19:46:06,012 - Ejecutando wikisquilter sobre: log-20130121.gz
2013-01-25 19:46:34,336 - log-20130121.gz procesado OK
2013-01-25 19:46:34,345 - Populando la tabla visited2013..
2013-01-25 19:46:34,349 - Creando .txt a partir de la consulta a visited..
2013-01-25 19:46:34,393 - Operación finalizada OK
2013-01-25 19:46:34,398 - Volcando txt sobre tabla visited2013..
2013-01-25 19:46:34,419 - Operación finalizada OK
2013-01-25 19:46:34,420 - Tabla visited2013 populada OK
2013-01-25 19:46:34,421 - Populando la tabla saved2013..
2013-01-25 19:46:34,425 - Creando .txt a partir de la consulta a saved..
2013-01-25 19:46:34,476 - Operación finalizada OK
2013-01-25 19:46:34,479 - Volcando txt sobre tabla saved2013..
2013-01-25 19:46:34,539 - Operación finalizada OK
2013-01-25 19:46:34,542 - Tabla saved2013 populada OK
2013-01-25 19:46:34,542 - Populando la tabla actions2013..
2013-01-25 19:46:34,543 - Creando .txt a partir de la consulta a actions..
2013-01-25 19:46:34,616 - Operación finalizada OK
2013-01-25 19:46:34,618 - Volcando txt sobre tabla actions2013..
2013-01-25 19:46:34,667 - Operación finalizada OK
2013-01-25 19:46:34,669 - Tabla actions2013 populada OK
2013-01-25 19:46:34,761 - ---- Procesando día: 20130122 ----
2013-01-25 19:46:34,811 - Ejecutando wikisquilter sobre: log-20130122.gz
2013-01-25 19:47:04,129 - log-20130122.gz procesado OK
2013-01-25 19:47:04,147 - Populando la tabla visited2013..
2013-01-25 19:47:04,156 - Creando .txt a partir de la consulta a visited..
2013-01-25 19:47:04,268 - Operación finalizada OK
2013-01-25 19:47:04,274 - Volcando txt sobre tabla visited2013..
2013-01-25 19:47:04,327 - Operación finalizada OK
2013-01-25 19:47:04,330 - Tabla visited2013 populada OK
2013-01-25 19:47:04,330 - Populando la tabla saved2013..
2013-01-25 19:47:04,336 - Creando .txt a partir de la consulta a saved..
2013-01-25 19:47:04,389 - Operación finalizada OK
2013-01-25 19:47:04,392 - Volcando txt sobre tabla saved2013..
2013-01-25 19:47:04,442 - Operación finalizada OK
2013-01-25 19:47:04,443 - Tabla saved2013 populada OK
2013-01-25 19:47:04,443 - Populando la tabla actions2013..
2013-01-25 19:47:04,444 - Creando .txt a partir de la consulta a actions..
2013-01-25 19:47:04,501 - Operación finalizada OK
2013-01-25 19:47:04,506 - Volcando txt sobre tabla actions2013..
2013-01-25 19:47:04,552 - Operación finalizada OK
2013-01-25 19:47:04,558 - Tabla actions2013 populada OK
2013-01-25 19:47:04,656 - ---- Procesando día: 20130123 ----
2013-01-25 19:47:04,689 - Ejecutando wikisquilter sobre: log-20130123.gz
2013-01-25 19:47:32,823 - log-20130123.gz procesado OK
2013-01-25 19:47:32,832 - Populando la tabla visited2013..
2013-01-25 19:47:32,838 - Creando .txt a partir de la consulta a visited..
2013-01-25 19:47:32,897 - Operación finalizada OK
2013-01-25 19:47:32,903 - Volcando txt sobre tabla visited2013..
2013-01-25 19:47:32,932 - Operación finalizada OK
2013-01-25 19:47:32,933 - Tabla visited2013 populada OK
2013-01-25 19:47:32,934 - Populando la tabla saved2013..
2013-01-25 19:47:32,935 - Creando .txt a partir de la consulta a saved..
2013-01-25 19:47:32,974 - Operación finalizada OK
2013-01-25 19:47:32,979 - Volcando txt sobre tabla saved2013..
2013-01-25 19:47:32,999 - Operación finalizada OK
2013-01-25 19:47:33,000 - Tabla saved2013 populada OK
2013-01-25 19:47:33,001 - Populando la tabla actions2013..
2013-01-25 19:47:33,009 - Creando .txt a partir de la consulta a actions..
2013-01-25 19:47:33,052 - Operación finalizada OK
2013-01-25 19:47:33,057 - Volcando txt sobre tabla actions2013..
2013-01-25 19:47:33,088 - Operación finalizada OK
2013-01-25 19:47:33,089 - Tabla actions2013 populada OK
2013-01-25 19:47:33,134 - ---- Procesando día: 20130124 ----
2013-01-25 19:47:33,170 - Ejecutando wikisquilter sobre: log-20130124.gz
2013-01-25 19:48:03,771 - log-20130124.gz procesado OK
2013-01-25 19:48:03,793 - Populando la tabla visited2013..
2013-01-25 19:48:03,806 - Creando .txt a partir de la consulta a visited..
2013-01-25 19:48:03,972 - Operación finalizada OK
2013-01-25 19:48:03,977 - Volcando txt sobre tabla visited2013..
2013-01-25 19:48:04,050 - Operación finalizada OK
2013-01-25 19:48:04,051 - Tabla visited2013 populada OK
2013-01-25 19:48:04,051 - Populando la tabla saved2013..
2013-01-25 19:48:04,051 - Creando .txt a partir de la consulta a saved..
2013-01-25 19:48:04,118 - Operación finalizada OK
2013-01-25 19:48:04,122 - Volcando txt sobre tabla saved2013..
2013-01-25 19:48:04,171 - Operación finalizada OK
2013-01-25 19:48:04,175 - Tabla saved2013 populada OK
2013-01-25 19:48:04,176 - Populando la tabla actions2013..
2013-01-25 19:48:04,176 - Creando .txt a partir de la consulta a actions..
2013-01-25 19:48:04,230 - Operación finalizada OK
2013-01-25 19:48:04,245 - Volcando txt sobre tabla actions2013..
2013-01-25 19:48:04,296 - Operación finalizada OK
2013-01-25 19:48:04,296 - Tabla actions2013 populada OK
