2013-01-22 20:18:16,528 - ********* COMENZANDO EJECUCIÓN ********* 
2013-01-22 20:18:16,528 - Procesando día: 20130112
2013-01-22 20:18:16,529 - Ejecutando wikisquilter sobre: log-20130112.gz
2013-01-22 20:18:23,935 - Populando la tabla visited
2013-01-22 20:18:23,945 - Creando .txt a partir de la consulta a visited
2013-01-22 20:18:24,487 - 'Tabla %s no creada. Creando...' % (table_name + txt_year)
2013-01-22 20:18:24,496 - Creando tabla visited2013
2013-01-22 20:18:24,535 - Volcando txt sobre tabla visited2013
2013-01-22 20:18:24,606 - Populando la tabla saved2013
2013-01-22 20:18:24,607 - Creando .txt a partir de la consulta a saved
2013-01-22 20:18:24,642 - Populando la tabla actions2013
2013-01-22 20:18:24,650 - Creando .txt a partir de la consulta a actions
2013-01-22 20:18:24,697 - 'Tabla %s no creada. Creando...' % (table_name + txt_year)
2013-01-22 20:18:24,704 - Creando tabla actions2013
2013-01-22 20:18:24,736 - Volcando txt sobre tabla actions2013
2013-01-22 20:18:24,799 - Procesando día: 20130113
2013-01-22 20:18:24,802 - Ejecutando wikisquilter sobre: log-20130113.gz
2013-01-22 20:18:26,152 - Populando la tabla visited2013
2013-01-22 20:18:26,161 - Creando .txt a partir de la consulta a visited
2013-01-22 20:18:26,187 - Volcando txt sobre tabla visited2013
2013-01-22 20:18:26,201 - Populando la tabla saved2013
2013-01-22 20:18:26,208 - Creando .txt a partir de la consulta a saved
2013-01-22 20:18:26,222 - Populando la tabla actions2013
2013-01-22 20:18:26,231 - Creando .txt a partir de la consulta a actions
2013-01-22 20:18:26,251 - Volcando txt sobre tabla actions2013
2013-01-22 20:18:26,284 - Procesando día: 20130114
2013-01-22 20:18:26,287 - Ejecutando wikisquilter sobre: log-20130114.gz
2013-01-22 20:18:27,889 - Populando la tabla visited2013
2013-01-22 20:18:27,893 - Creando .txt a partir de la consulta a visited
2013-01-22 20:18:27,910 - Volcando txt sobre tabla visited2013
2013-01-22 20:18:27,924 - Populando la tabla saved2013
2013-01-22 20:18:27,929 - Creando .txt a partir de la consulta a saved
2013-01-22 20:18:27,943 - Populando la tabla actions2013
2013-01-22 20:18:27,952 - Creando .txt a partir de la consulta a actions
2013-01-22 20:18:27,975 - Volcando txt sobre tabla actions2013
2013-01-22 20:18:28,025 - Procesando día: 20130115
2013-01-22 20:18:28,031 - Ejecutando wikisquilter sobre: log-20130115.gz
2013-01-22 20:18:29,313 - Populando la tabla visited2013
2013-01-22 20:18:29,320 - Creando .txt a partir de la consulta a visited
2013-01-22 20:18:29,338 - Volcando txt sobre tabla visited2013
2013-01-22 20:18:29,353 - Populando la tabla saved2013
2013-01-22 20:18:29,360 - Creando .txt a partir de la consulta a saved
2013-01-22 20:18:29,374 - Populando la tabla actions2013
2013-01-22 20:18:29,380 - Creando .txt a partir de la consulta a actions
2013-01-22 20:18:29,397 - Volcando txt sobre tabla actions2013
2013-01-22 20:18:29,435 - Procesando día: 20130116
2013-01-22 20:18:29,439 - Ejecutando wikisquilter sobre: log-20130116.gz
2013-01-22 20:18:30,692 - Populando la tabla visited2013
2013-01-22 20:18:30,697 - Creando .txt a partir de la consulta a visited
2013-01-22 20:18:30,733 - Volcando txt sobre tabla visited2013
2013-01-22 20:18:30,747 - Populando la tabla saved2013
2013-01-22 20:18:30,750 - Creando .txt a partir de la consulta a saved
2013-01-22 20:18:30,764 - Populando la tabla actions2013
2013-01-22 20:18:30,768 - Creando .txt a partir de la consulta a actions
2013-01-22 20:18:30,785 - Volcando txt sobre tabla actions2013
2013-01-22 20:18:30,847 - Procesando día: 20130117
2013-01-22 20:18:30,850 - Ejecutando wikisquilter sobre: log-20130117.gz
2013-01-22 20:18:32,103 - Populando la tabla visited2013
2013-01-22 20:18:32,106 - Creando .txt a partir de la consulta a visited
2013-01-22 20:18:32,124 - Volcando txt sobre tabla visited2013
2013-01-22 20:18:32,141 - Populando la tabla saved2013
2013-01-22 20:18:32,150 - Creando .txt a partir de la consulta a saved
2013-01-22 20:18:32,180 - Populando la tabla actions2013
2013-01-22 20:18:32,192 - Creando .txt a partir de la consulta a actions
2013-01-22 20:18:32,234 - Volcando txt sobre tabla actions2013
2013-01-22 20:18:32,273 - Procesando día: 20130118
2013-01-22 20:18:32,284 - Ejecutando wikisquilter sobre: log-20130118.gz
2013-01-22 20:18:34,399 - Populando la tabla visited2013
2013-01-22 20:18:34,405 - Creando .txt a partir de la consulta a visited
2013-01-22 20:18:34,884 - Volcando txt sobre tabla visited2013
2013-01-22 20:18:34,934 - Populando la tabla saved2013
2013-01-22 20:18:34,942 - Creando .txt a partir de la consulta a saved
2013-01-22 20:18:34,996 - Populando la tabla actions2013
2013-01-22 20:18:34,997 - Creando .txt a partir de la consulta a actions
2013-01-22 20:18:35,060 - Volcando txt sobre tabla actions2013
2013-01-22 20:18:35,175 - Procesando día: 20130119
2013-01-22 20:18:35,184 - Ejecutando wikisquilter sobre: log-20130119.gz
2013-01-22 20:18:36,482 - Populando la tabla visited2013
2013-01-22 20:18:36,483 - Creando .txt a partir de la consulta a visited
2013-01-22 20:18:36,530 - Volcando txt sobre tabla visited2013
2013-01-22 20:18:36,557 - Populando la tabla saved2013
2013-01-22 20:18:36,564 - Creando .txt a partir de la consulta a saved
2013-01-22 20:18:36,604 - Populando la tabla actions2013
2013-01-22 20:18:36,605 - Creando .txt a partir de la consulta a actions
2013-01-22 20:18:36,632 - Volcando txt sobre tabla actions2013
2013-01-22 20:18:36,706 - Procesando día: 20130120
2013-01-22 20:18:36,710 - Ejecutando wikisquilter sobre: log-20130120.gz
2013-01-22 20:18:37,768 - Populando la tabla visited2013
2013-01-22 20:18:37,776 - Creando .txt a partir de la consulta a visited
2013-01-22 20:18:37,807 - Volcando txt sobre tabla visited2013
2013-01-22 20:18:37,852 - Populando la tabla saved2013
2013-01-22 20:18:37,858 - Creando .txt a partir de la consulta a saved
2013-01-22 20:18:37,882 - Populando la tabla actions2013
2013-01-22 20:18:37,890 - Creando .txt a partir de la consulta a actions
2013-01-22 20:18:37,908 - Volcando txt sobre tabla actions2013
2013-01-22 20:18:37,965 - Procesando día: 20130121
2013-01-22 20:18:37,967 - Ejecutando wikisquilter sobre: log-20130121.gz
2013-01-22 20:18:39,149 - Populando la tabla visited2013
2013-01-22 20:18:39,153 - Creando .txt a partir de la consulta a visited
2013-01-22 20:18:39,189 - Volcando txt sobre tabla visited2013
2013-01-22 20:18:39,238 - Populando la tabla saved2013
2013-01-22 20:18:39,249 - Creando .txt a partir de la consulta a saved
2013-01-22 20:18:39,301 - Populando la tabla actions2013
2013-01-22 20:18:39,302 - Creando .txt a partir de la consulta a actions
2013-01-22 20:18:39,363 - Volcando txt sobre tabla actions2013
2013-01-22 20:51:33,084 - ********* COMENZANDO EJECUCIÓN ********* 
2013-01-22 20:51:33,093 - ---- Procesando día: 20130112 ----
2013-01-22 20:51:33,097 - Ejecutando wikisquilter sobre: log-20130112.gz
2013-01-22 20:51:41,723 - Populando la tabla visited
2013-01-22 20:51:41,751 - Creando .txt a partir de la consulta a visited
2013-01-22 20:51:42,669 - Volcando txt sobre tabla visited2013
2013-01-22 20:51:42,729 - Populando la tabla saved2013
2013-01-22 20:51:42,736 - Creando .txt a partir de la consulta a saved
2013-01-22 20:51:42,765 - Populando la tabla actions2013
2013-01-22 20:51:42,773 - Creando .txt a partir de la consulta a actions
2013-01-22 20:51:42,823 - Volcando txt sobre tabla actions2013
2013-01-22 20:51:42,872 - ---- Procesando día: 20130113 ----
2013-01-22 20:51:42,875 - Ejecutando wikisquilter sobre: log-20130113.gz
2013-01-22 20:51:46,156 - Populando la tabla visited2013
2013-01-22 20:51:46,165 - Creando .txt a partir de la consulta a visited
2013-01-22 20:51:46,203 - Volcando txt sobre tabla visited2013
2013-01-22 20:51:46,243 - Populando la tabla saved2013
2013-01-22 20:51:46,246 - Creando .txt a partir de la consulta a saved
2013-01-22 20:51:46,271 - Populando la tabla actions2013
2013-01-22 20:51:46,281 - Creando .txt a partir de la consulta a actions
2013-01-22 20:51:46,306 - Volcando txt sobre tabla actions2013
2013-01-22 20:51:46,357 - ---- Procesando día: 20130114 ----
2013-01-22 20:51:46,365 - Ejecutando wikisquilter sobre: log-20130114.gz
2013-01-22 20:51:48,656 - Populando la tabla visited2013
2013-01-22 20:51:48,659 - Creando .txt a partir de la consulta a visited
2013-01-22 20:51:48,710 - Volcando txt sobre tabla visited2013
2013-01-22 20:51:48,744 - Populando la tabla saved2013
2013-01-22 20:51:48,752 - Creando .txt a partir de la consulta a saved
2013-01-22 20:51:48,782 - Populando la tabla actions2013
2013-01-22 20:51:48,786 - Creando .txt a partir de la consulta a actions
2013-01-22 20:51:48,818 - Volcando txt sobre tabla actions2013
2013-01-22 20:51:48,869 - ---- Procesando día: 20130115 ----
2013-01-22 20:51:48,873 - Ejecutando wikisquilter sobre: log-20130115.gz
2013-01-22 20:51:51,060 - Populando la tabla visited2013
2013-01-22 20:51:51,070 - Creando .txt a partir de la consulta a visited
2013-01-22 20:51:51,140 - Volcando txt sobre tabla visited2013
2013-01-22 20:51:51,216 - Populando la tabla saved2013
2013-01-22 20:51:51,218 - Creando .txt a partir de la consulta a saved
2013-01-22 20:51:51,277 - Populando la tabla actions2013
2013-01-22 20:51:51,278 - Creando .txt a partir de la consulta a actions
2013-01-22 20:51:51,329 - Volcando txt sobre tabla actions2013
2013-01-22 20:51:51,422 - ---- Procesando día: 20130116 ----
2013-01-22 20:51:51,425 - Ejecutando wikisquilter sobre: log-20130116.gz
2013-01-22 20:51:53,908 - Populando la tabla visited2013
2013-01-22 20:51:53,909 - Creando .txt a partir de la consulta a visited
2013-01-22 20:51:53,960 - Volcando txt sobre tabla visited2013
2013-01-22 20:51:54,011 - Populando la tabla saved2013
2013-01-22 20:51:54,012 - Creando .txt a partir de la consulta a saved
2013-01-22 20:51:54,051 - Populando la tabla actions2013
2013-01-22 20:51:54,054 - Creando .txt a partir de la consulta a actions
2013-01-22 20:51:54,088 - Volcando txt sobre tabla actions2013
2013-01-22 20:51:54,169 - ---- Procesando día: 20130117 ----
2013-01-22 20:51:54,173 - Ejecutando wikisquilter sobre: log-20130117.gz
2013-01-22 20:51:56,425 - Populando la tabla visited2013
2013-01-22 20:51:56,426 - Creando .txt a partir de la consulta a visited
2013-01-22 20:51:56,491 - Volcando txt sobre tabla visited2013
2013-01-22 20:51:56,533 - Populando la tabla saved2013
2013-01-22 20:51:56,551 - Creando .txt a partir de la consulta a saved
2013-01-22 20:51:56,611 - Populando la tabla actions2013
2013-01-22 20:51:56,612 - Creando .txt a partir de la consulta a actions
2013-01-22 20:51:56,682 - Volcando txt sobre tabla actions2013
2013-01-22 20:51:56,800 - ---- Procesando día: 20130118 ----
2013-01-22 20:51:56,803 - Ejecutando wikisquilter sobre: log-20130118.gz
2013-01-22 20:51:58,988 - Populando la tabla visited2013
2013-01-22 20:51:58,989 - Creando .txt a partir de la consulta a visited
2013-01-22 20:51:59,102 - Volcando txt sobre tabla visited2013
2013-01-22 20:51:59,151 - Populando la tabla saved2013
2013-01-22 20:51:59,152 - Creando .txt a partir de la consulta a saved
2013-01-22 20:51:59,199 - Populando la tabla actions2013
2013-01-22 20:51:59,200 - Creando .txt a partir de la consulta a actions
2013-01-22 20:51:59,251 - Volcando txt sobre tabla actions2013
2013-01-22 20:51:59,365 - ---- Procesando día: 20130119 ----
2013-01-22 20:51:59,368 - Ejecutando wikisquilter sobre: log-20130119.gz
2013-01-22 20:52:01,409 - Populando la tabla visited2013
2013-01-22 20:52:01,409 - Creando .txt a partir de la consulta a visited
2013-01-22 20:52:01,539 - Volcando txt sobre tabla visited2013
2013-01-22 20:52:01,587 - Populando la tabla saved2013
2013-01-22 20:52:01,588 - Creando .txt a partir de la consulta a saved
2013-01-22 20:52:01,622 - Populando la tabla actions2013
2013-01-22 20:52:01,629 - Creando .txt a partir de la consulta a actions
2013-01-22 20:52:01,669 - Volcando txt sobre tabla actions2013
2013-01-22 20:52:01,763 - ---- Procesando día: 20130120 ----
2013-01-22 20:52:01,776 - Ejecutando wikisquilter sobre: log-20130120.gz
2013-01-22 20:52:04,060 - Populando la tabla visited2013
2013-01-22 20:52:04,061 - Creando .txt a partir de la consulta a visited
2013-01-22 20:52:04,110 - Volcando txt sobre tabla visited2013
2013-01-22 20:52:04,149 - Populando la tabla saved2013
2013-01-22 20:52:04,152 - Creando .txt a partir de la consulta a saved
2013-01-22 20:52:04,184 - Populando la tabla actions2013
2013-01-22 20:52:04,193 - Creando .txt a partir de la consulta a actions
2013-01-22 20:52:04,214 - Volcando txt sobre tabla actions2013
2013-01-22 20:52:04,245 - ---- Procesando día: 20130121 ----
2013-01-22 20:52:04,248 - Ejecutando wikisquilter sobre: log-20130121.gz
2013-01-22 20:52:07,445 - Populando la tabla visited2013
2013-01-22 20:52:07,453 - Creando .txt a partir de la consulta a visited
2013-01-22 20:52:07,479 - Volcando txt sobre tabla visited2013
2013-01-22 20:52:07,515 - Populando la tabla saved2013
2013-01-22 20:52:07,516 - Creando .txt a partir de la consulta a saved
2013-01-22 20:52:07,565 - Populando la tabla actions2013
2013-01-22 20:52:07,568 - Creando .txt a partir de la consulta a actions
2013-01-22 20:52:07,619 - Volcando txt sobre tabla actions2013
