2013-01-20 08:08:33,418 - Procesando día: 20130110
2013-01-20 08:08:33,422 - Ejecutando wikisquilter sobre: log-20120615.gz
2013-01-20 08:14:59,562 - Procesando día: 20130110
2013-01-20 08:14:59,570 - Ejecutando wikisquilter sobre: log-20120615.gz
2013-01-20 08:20:22,355 - Procesando día: 20130110
2013-01-20 08:20:22,365 - Ejecutando wikisquilter sobre: log-20130110.gz
2013-01-20 08:21:16,268 - Procesando día: 20130110
2013-01-20 08:21:16,281 - Ejecutando wikisquilter sobre: log-20130110.gz
2013-01-20 08:27:59,888 - Procesando día: 20130110
2013-01-20 08:27:59,893 - Ejecutando wikisquilter sobre: log-20130110.gz
2013-01-20 08:28:00,002 - Populando tabla: visited
2013-01-20 08:28:00,192 - Tabla %s no creada. Creando...' % (table_name + txt_year)
2013-01-20 08:28:00,468 - Populando tabla: saved2013
2013-01-20 08:28:00,597 - Populando tabla: actions2013
2013-01-20 08:28:00,702 - Tabla %s no creada. Creando...' % (table_name + txt_year)
2013-01-20 08:28:01,262 - Procesando día: 20130111
2013-01-20 08:28:01,330 - Ejecutando wikisquilter sobre: log-20130111.gz
2013-01-20 08:28:01,573 - Procesando día: 20130112
2013-01-20 08:28:01,627 - Ejecutando wikisquilter sobre: log-20130112.gz
2013-01-20 08:28:01,831 - Procesando día: 20130113
2013-01-20 08:28:01,904 - Ejecutando wikisquilter sobre: log-20130113.gz
2013-01-20 08:28:02,164 - Procesando día: 20130114
2013-01-20 08:28:02,319 - Ejecutando wikisquilter sobre: log-20130114.gz
2013-01-20 08:28:02,736 - Procesando día: 20130115
2013-01-20 08:28:02,753 - Ejecutando wikisquilter sobre: log-20130115.gz
2013-01-20 08:28:03,376 - Procesando día: 20130116
2013-01-20 08:28:05,271 - Ejecutando wikisquilter sobre: log-20130116.gz
2013-01-20 08:28:06,225 - Procesando día: 20130117
2013-01-20 08:28:06,403 - Ejecutando wikisquilter sobre: log-20130117.gz
2013-01-20 08:28:07,825 - Procesando día: 20130118
2013-01-20 08:28:07,837 - Ejecutando wikisquilter sobre: log-20130118.gz
2013-01-20 08:28:09,357 - Procesando día: 20130119
2013-01-20 08:28:09,508 - Ejecutando wikisquilter sobre: log-20130119.gz
2013-01-20 08:32:49,375 - Procesando día: 20130110
2013-01-20 08:32:49,385 - Ejecutando wikisquilter sobre: log-20130110.gz
2013-01-20 08:32:49,529 - Populando tabla: visited
2013-01-20 08:32:49,866 - Populando tabla: saved2013
2013-01-20 08:32:49,959 - Populando tabla: actions2013
2013-01-20 08:32:50,247 - Procesando día: 20130111
2013-01-20 08:32:50,255 - Ejecutando wikisquilter sobre: log-20130111.gz
2013-01-20 08:32:50,342 - Procesando día: 20130112
2013-01-20 08:32:50,354 - Ejecutando wikisquilter sobre: log-20130112.gz
2013-01-20 08:32:50,589 - Procesando día: 20130113
2013-01-20 08:32:50,598 - Ejecutando wikisquilter sobre: log-20130113.gz
2013-01-20 08:32:50,886 - Procesando día: 20130114
2013-01-20 08:32:50,894 - Ejecutando wikisquilter sobre: log-20130114.gz
2013-01-20 08:32:51,276 - Procesando día: 20130115
2013-01-20 08:32:51,279 - Ejecutando wikisquilter sobre: log-20130115.gz
2013-01-20 08:32:52,052 - Procesando día: 20130116
2013-01-20 08:32:52,070 - Ejecutando wikisquilter sobre: log-20130116.gz
2013-01-20 08:32:52,867 - Procesando día: 20130117
2013-01-20 08:32:52,887 - Ejecutando wikisquilter sobre: log-20130117.gz
2013-01-20 08:32:53,941 - Procesando día: 20130118
2013-01-20 08:32:54,001 - Ejecutando wikisquilter sobre: log-20130118.gz
2013-01-20 08:32:55,214 - Procesando día: 20130119
2013-01-20 08:32:55,399 - Ejecutando wikisquilter sobre: log-20130119.gz
2013-01-20 08:42:40,056 - Procesando día: 20130110
2013-01-20 08:42:40,067 - Ejecutando wikisquilter sobre: log-20130110.gz
2013-01-20 08:42:40,201 - Populando tabla: visited
2013-01-20 08:42:40,422 - Populando tabla: saved
2013-01-20 08:42:40,609 - Populando tabla: actions
2013-01-20 08:42:40,938 - Procesando día: 20130111
2013-01-20 08:42:40,945 - Ejecutando wikisquilter sobre: log-20130111.gz
2013-01-20 08:42:41,056 - Procesando día: 20130112
2013-01-20 08:42:41,062 - Ejecutando wikisquilter sobre: log-20130112.gz
2013-01-20 08:42:41,252 - Procesando día: 20130113
2013-01-20 08:42:41,270 - Ejecutando wikisquilter sobre: log-20130113.gz
2013-01-20 08:42:41,581 - Procesando día: 20130114
2013-01-20 08:42:41,589 - Ejecutando wikisquilter sobre: log-20130114.gz
2013-01-20 08:42:42,164 - Procesando día: 20130115
2013-01-20 08:42:42,173 - Ejecutando wikisquilter sobre: log-20130115.gz
2013-01-20 08:42:43,044 - Procesando día: 20130116
2013-01-20 08:42:43,047 - Ejecutando wikisquilter sobre: log-20130116.gz
2013-01-20 08:42:43,773 - Procesando día: 20130117
2013-01-20 08:42:44,029 - Ejecutando wikisquilter sobre: log-20130117.gz
2013-01-20 08:42:44,908 - Procesando día: 20130118
2013-01-20 08:42:45,188 - Ejecutando wikisquilter sobre: log-20130118.gz
2013-01-20 08:42:46,193 - Procesando día: 20130119
2013-01-20 08:42:46,196 - Ejecutando wikisquilter sobre: log-20130119.gz
2013-01-20 08:44:22,030 - Procesando día: 20130110
2013-01-20 08:44:22,040 - Ejecutando wikisquilter sobre: log-20130110.gz
2013-01-20 08:44:22,193 - Populando tabla: visited
2013-01-20 08:44:22,411 - Tabla %s no creada. Creando...' % (table_name + txt_year)
2013-01-20 08:44:22,712 - Populando tabla: saved2013
2013-01-20 08:44:22,836 - Populando tabla: actions2013
2013-01-20 08:44:22,950 - Tabla %s no creada. Creando...' % (table_name + txt_year)
2013-01-20 08:44:23,406 - Procesando día: 20130111
2013-01-20 08:44:23,425 - Ejecutando wikisquilter sobre: log-20130111.gz
2013-01-20 08:44:23,502 - Procesando día: 20130112
2013-01-20 08:44:23,510 - Ejecutando wikisquilter sobre: log-20130112.gz
2013-01-20 08:44:23,673 - Procesando día: 20130113
2013-01-20 08:44:23,765 - Ejecutando wikisquilter sobre: log-20130113.gz
2013-01-20 08:44:24,222 - Procesando día: 20130114
2013-01-20 08:44:24,249 - Ejecutando wikisquilter sobre: log-20130114.gz
2013-01-20 08:44:24,805 - Procesando día: 20130115
2013-01-20 08:44:24,870 - Ejecutando wikisquilter sobre: log-20130115.gz
2013-01-20 08:44:25,528 - Procesando día: 20130116
2013-01-20 08:44:25,531 - Ejecutando wikisquilter sobre: log-20130116.gz
2013-01-20 08:44:26,193 - Procesando día: 20130117
2013-01-20 08:44:26,282 - Ejecutando wikisquilter sobre: log-20130117.gz
2013-01-20 08:44:27,278 - Procesando día: 20130118
2013-01-20 08:44:27,461 - Ejecutando wikisquilter sobre: log-20130118.gz
2013-01-20 08:44:28,529 - Procesando día: 20130119
2013-01-20 08:44:28,618 - Ejecutando wikisquilter sobre: log-20130119.gz
2013-01-20 08:49:34,945 - Procesando día: 20130110
2013-01-20 08:49:34,949 - Ejecutando wikisquilter sobre: log-20130110.gz
2013-01-20 08:53:39,359 - Procesando día: 20130110
2013-01-20 08:53:39,361 - Ejecutando wikisquilter sobre: log-20130110.gz
2013-01-20 08:53:40,554 - Populando tabla: visited
2013-01-20 08:54:09,706 - Procesando día: 20130110
2013-01-20 08:54:09,719 - Ejecutando wikisquilter sobre: log-20130110.gz
2013-01-20 08:54:10,804 - Populando tabla: visited
2013-01-20 08:54:37,987 - Procesando día: 20130110
2013-01-20 08:54:37,997 - Ejecutando wikisquilter sobre: log-20130110.gz
2013-01-20 08:54:39,398 - Populando tabla: visited
2013-01-20 08:56:09,252 - Procesando día: 20130110
2013-01-20 08:56:09,262 - Ejecutando wikisquilter sobre: log-20130110.gz
2013-01-20 08:56:10,467 - Populando tabla: visited
2013-01-20 08:56:10,530 - Populando tabla: saved2013
2013-01-20 08:56:10,567 - Populando tabla: actions2013
2013-01-20 08:56:10,665 - Procesando día: 20130111
2013-01-20 08:56:10,669 - Ejecutando wikisquilter sobre: log-20130111.gz
2013-01-20 08:56:12,135 - Procesando día: 20130112
2013-01-20 08:56:12,138 - Ejecutando wikisquilter sobre: log-20130112.gz
2013-01-20 08:56:13,488 - Procesando día: 20130113
2013-01-20 08:56:13,495 - Ejecutando wikisquilter sobre: log-20130113.gz
2013-01-20 08:56:14,572 - Procesando día: 20130114
2013-01-20 08:56:14,576 - Ejecutando wikisquilter sobre: log-20130114.gz
2013-01-20 08:56:16,012 - Procesando día: 20130115
2013-01-20 08:56:16,017 - Ejecutando wikisquilter sobre: log-20130115.gz
2013-01-20 08:56:17,477 - Procesando día: 20130116
2013-01-20 08:56:17,482 - Ejecutando wikisquilter sobre: log-20130116.gz
2013-01-20 08:56:19,033 - Procesando día: 20130117
2013-01-20 08:56:19,037 - Ejecutando wikisquilter sobre: log-20130117.gz
2013-01-20 08:56:20,323 - Procesando día: 20130118
2013-01-20 08:56:20,327 - Ejecutando wikisquilter sobre: log-20130118.gz
2013-01-20 08:56:21,780 - Procesando día: 20130119
2013-01-20 08:56:21,783 - Ejecutando wikisquilter sobre: log-20130119.gz
2013-01-20 09:00:32,120 - Procesando día: 20130110
2013-01-20 09:00:32,122 - Ejecutando wikisquilter sobre: log-20130110.gz
2013-01-20 09:00:33,642 - Populando tabla: visited
2013-01-20 09:00:33,705 - Populando tabla: saved2013
2013-01-20 09:00:33,740 - Populando tabla: actions2013
2013-01-20 09:00:33,839 - Procesando día: 20130111
2013-01-20 09:00:33,845 - Ejecutando wikisquilter sobre: log-20130111.gz
2013-01-20 09:00:34,945 - Populando tabla: visited2013
2013-01-20 09:00:35,005 - Populando tabla: saved2013
2013-01-20 09:00:35,036 - Populando tabla: actions2013
2013-01-20 09:00:35,120 - Procesando día: 20130112
2013-01-20 09:00:35,124 - Ejecutando wikisquilter sobre: log-20130112.gz
2013-01-20 09:00:36,615 - Populando tabla: visited2013
2013-01-20 09:00:36,705 - Populando tabla: saved2013
2013-01-20 09:00:36,763 - Populando tabla: actions2013
2013-01-20 09:00:37,033 - Procesando día: 20130113
2013-01-20 09:00:37,036 - Ejecutando wikisquilter sobre: log-20130113.gz
2013-01-20 09:00:38,744 - Populando tabla: visited2013
2013-01-20 09:00:38,848 - Populando tabla: saved2013
2013-01-20 09:00:38,893 - Populando tabla: actions2013
2013-01-20 09:00:39,109 - Procesando día: 20130114
2013-01-20 09:00:39,121 - Ejecutando wikisquilter sobre: log-20130114.gz
2013-01-20 09:00:40,674 - Populando tabla: visited2013
2013-01-20 09:00:40,731 - Populando tabla: saved2013
2013-01-20 09:00:40,761 - Populando tabla: actions2013
2013-01-20 09:00:40,894 - Procesando día: 20130115
2013-01-20 09:00:40,898 - Ejecutando wikisquilter sobre: log-20130115.gz
2013-01-20 09:00:42,340 - Populando tabla: visited2013
2013-01-20 09:00:42,452 - Populando tabla: saved2013
2013-01-20 09:00:42,517 - Populando tabla: actions2013
2013-01-20 09:00:42,685 - Procesando día: 20130116
2013-01-20 09:00:42,691 - Ejecutando wikisquilter sobre: log-20130116.gz
2013-01-20 09:00:44,004 - Populando tabla: visited2013
2013-01-20 09:00:44,070 - Populando tabla: saved2013
2013-01-20 09:00:44,102 - Populando tabla: actions2013
2013-01-20 09:00:44,178 - Procesando día: 20130117
2013-01-20 09:00:44,182 - Ejecutando wikisquilter sobre: log-20130117.gz
2013-01-20 09:00:45,594 - Populando tabla: visited2013
2013-01-20 09:00:45,711 - Populando tabla: saved2013
2013-01-20 09:00:45,768 - Populando tabla: actions2013
2013-01-20 09:00:45,931 - Procesando día: 20130118
2013-01-20 09:00:45,933 - Ejecutando wikisquilter sobre: log-20130118.gz
2013-01-20 09:00:47,140 - Populando tabla: visited2013
2013-01-20 09:00:47,251 - Populando tabla: saved2013
2013-01-20 09:00:47,327 - Populando tabla: actions2013
2013-01-20 09:00:47,467 - Procesando día: 20130119
2013-01-20 09:00:47,471 - Ejecutando wikisquilter sobre: log-20130119.gz
2013-01-20 09:00:48,928 - Populando tabla: visited2013
2013-01-20 09:00:48,991 - Populando tabla: saved2013
2013-01-20 09:00:49,023 - Populando tabla: actions2013
2013-01-20 09:11:35,826 - ********* COMENZANDO EJECUCIÓN ********* 
2013-01-20 09:11:35,827 - Procesando día: 20130110
2013-01-20 09:11:35,828 - Ejecutando wikisquilter sobre: log-20130110.gz
2013-01-20 09:11:37,470 - Populando tabla: visited
2013-01-20 09:11:37,596 - Populando tabla: saved2013
2013-01-20 09:11:37,654 - Populando tabla: actions2013
2013-01-20 09:11:37,829 - Procesando día: 20130111
2013-01-20 09:11:37,831 - Ejecutando wikisquilter sobre: log-20130111.gz
2013-01-20 09:11:39,078 - Populando tabla: visited2013
2013-01-20 09:11:39,152 - Populando tabla: saved2013
2013-01-20 09:11:39,190 - Populando tabla: actions2013
2013-01-20 09:11:39,369 - Procesando día: 20130112
2013-01-20 09:11:39,375 - Ejecutando wikisquilter sobre: log-20130112.gz
2013-01-20 09:11:41,028 - Populando tabla: visited2013
2013-01-20 09:11:41,092 - Populando tabla: saved2013
2013-01-20 09:11:41,125 - Populando tabla: actions2013
2013-01-20 09:11:41,262 - Procesando día: 20130113
2013-01-20 09:11:41,298 - Ejecutando wikisquilter sobre: log-20130113.gz
2013-01-20 09:11:42,824 - Populando tabla: visited2013
2013-01-20 09:11:42,944 - Populando tabla: saved2013
2013-01-20 09:11:42,998 - Populando tabla: actions2013
2013-01-20 09:11:43,148 - Procesando día: 20130114
2013-01-20 09:11:43,152 - Ejecutando wikisquilter sobre: log-20130114.gz
2013-01-20 09:11:44,500 - Populando tabla: visited2013
2013-01-20 09:11:44,614 - Populando tabla: saved2013
2013-01-20 09:11:44,671 - Populando tabla: actions2013
2013-01-20 09:11:44,818 - Procesando día: 20130115
2013-01-20 09:11:44,825 - Ejecutando wikisquilter sobre: log-20130115.gz
2013-01-20 09:11:46,513 - Populando tabla: visited2013
2013-01-20 09:11:46,613 - Populando tabla: saved2013
2013-01-20 09:11:46,673 - Populando tabla: actions2013
2013-01-20 09:11:46,810 - Procesando día: 20130116
2013-01-20 09:11:46,814 - Ejecutando wikisquilter sobre: log-20130116.gz
2013-01-20 09:11:48,184 - Populando tabla: visited2013
2013-01-20 09:11:48,281 - Populando tabla: saved2013
2013-01-20 09:11:48,328 - Populando tabla: actions2013
2013-01-20 09:11:48,455 - Procesando día: 20130117
2013-01-20 09:11:48,459 - Ejecutando wikisquilter sobre: log-20130117.gz
2013-01-20 09:11:49,876 - Populando tabla: visited2013
2013-01-20 09:11:49,990 - Populando tabla: saved2013
2013-01-20 09:11:50,043 - Populando tabla: actions2013
2013-01-20 09:11:50,204 - Procesando día: 20130118
2013-01-20 09:11:50,217 - Ejecutando wikisquilter sobre: log-20130118.gz
2013-01-20 09:11:51,459 - Populando tabla: visited2013
2013-01-20 09:11:51,505 - Populando tabla: saved2013
2013-01-20 09:11:51,565 - Populando tabla: actions2013
2013-01-20 09:11:51,748 - Procesando día: 20130119
2013-01-20 09:11:51,754 - Ejecutando wikisquilter sobre: log-20130119.gz
2013-01-20 09:11:53,225 - Populando tabla: visited2013
2013-01-20 09:11:53,344 - Populando tabla: saved2013
2013-01-20 09:11:53,405 - Populando tabla: actions2013
2013-01-20 09:16:37,103 - ********* COMENZANDO EJECUCIÓN ********* 
2013-01-20 09:16:37,114 - Procesando día: 20130110
2013-01-20 09:16:37,116 - Ejecutando wikisquilter sobre: log-20130110.gz
2013-01-20 09:16:38,272 - Procesando día: 20130111
2013-01-20 09:16:38,276 - Ejecutando wikisquilter sobre: log-20130111.gz
2013-01-20 09:16:39,301 - Procesando día: 20130112
2013-01-20 09:16:39,305 - Ejecutando wikisquilter sobre: log-20130112.gz
2013-01-20 09:16:41,246 - Procesando día: 20130113
2013-01-20 09:16:41,251 - Ejecutando wikisquilter sobre: log-20130113.gz
2013-01-20 09:16:42,386 - Procesando día: 20130114
2013-01-20 09:16:42,390 - Ejecutando wikisquilter sobre: log-20130114.gz
2013-01-20 09:16:43,830 - Procesando día: 20130115
2013-01-20 09:16:43,835 - Ejecutando wikisquilter sobre: log-20130115.gz
2013-01-20 09:16:44,929 - Procesando día: 20130116
2013-01-20 09:16:44,932 - Ejecutando wikisquilter sobre: log-20130116.gz
2013-01-20 09:16:46,296 - Procesando día: 20130117
2013-01-20 09:16:46,300 - Ejecutando wikisquilter sobre: log-20130117.gz
2013-01-20 09:16:47,609 - Procesando día: 20130118
2013-01-20 09:16:47,612 - Ejecutando wikisquilter sobre: log-20130118.gz
2013-01-20 09:16:49,196 - Procesando día: 20130119
2013-01-20 09:16:49,198 - Ejecutando wikisquilter sobre: log-20130119.gz
2013-01-20 09:16:50,416 - Populando tabla: visited
2013-01-20 09:16:50,551 - Populando tabla: saved2013
2013-01-20 09:16:50,614 - Populando tabla: actions2013
